<?xml version="1.0" encoding="utf-8"?><testsuites name="pytest tests"><testsuite name="pytest" errors="0" failures="0" skipped="0" tests="15" time="2.386" timestamp="2026-05-15T11:24:19.550149+00:00" hostname="agent-env-69a5c455-1af6-4459-8316-cb41505d17bf"><testcase classname="backend.tests.backend_test.TestHealth" name="test_root" time="0.272" /><testcase classname="backend.tests.backend_test.TestApplications" name="test_create_application_success" time="0.207" /><testcase classname="backend.tests.backend_test.TestApplications" name="test_create_application_bad_email" time="0.148" /><testcase classname="backend.tests.backend_test.TestApplications" name="test_create_application_missing_required" time="0.140" /><testcase classname="backend.tests.backend_test.TestApplications" name="test_list_applications_sorted" time="0.099" /><testcase classname="backend.tests.backend_test.TestContacts" name="test_create_contact_success" time="0.186" /><testcase classname="backend.tests.backend_test.TestContacts" name="test_create_contact_bad_email" time="0.104" /><testcase classname="backend.tests.backend_test.TestContacts" name="test_create_contact_missing_required" time="0.152" /><testcase classname="backend.tests.backend_test.TestContacts" name="test_list_contacts_sorted" time="0.130" /><testcase classname="backend.tests.backend_test.TestBrochureLeads" name="test_create_brochure_lead_success" time="0.174" /><testcase classname="backend.tests.backend_test.TestBrochureLeads" name="test_create_brochure_lead_without_role" time="0.099" /><testcase classname="backend.tests.backend_test.TestBrochureLeads" name="test_create_brochure_lead_bad_email" time="0.102" /><testcase classname="backend.tests.backend_test.TestBrochureLeads" name="test_create_brochure_lead_missing_required" time="0.113" /><testcase classname="backend.tests.backend_test.TestBrochureLeads" name="test_list_brochure_leads_sorted" time="0.107" /><testcase classname="backend.tests.backend_test.TestStaticBrochure" name="test_brochure_pdf_served" time="0.251" /></testsuite></testsuites>