<?xml version="1.0" encoding="utf-8"?><testsuites name="pytest tests"><testsuite name="pytest" errors="0" failures="0" skipped="0" tests="9" time="1.437" timestamp="2026-05-15T11:03:50.988210+00:00" hostname="agent-env-69a5c455-1af6-4459-8316-cb41505d17bf"><testcase classname="backend.tests.backend_test.TestHealth" name="test_root" time="0.261" /><testcase classname="backend.tests.backend_test.TestApplications" name="test_create_application_success" time="0.187" /><testcase classname="backend.tests.backend_test.TestApplications" name="test_create_application_bad_email" time="0.157" /><testcase classname="backend.tests.backend_test.TestApplications" name="test_create_application_missing_required" time="0.100" /><testcase classname="backend.tests.backend_test.TestApplications" name="test_list_applications_sorted" time="0.100" /><testcase classname="backend.tests.backend_test.TestContacts" name="test_create_contact_success" time="0.149" /><testcase classname="backend.tests.backend_test.TestContacts" name="test_create_contact_bad_email" time="0.106" /><testcase classname="backend.tests.backend_test.TestContacts" name="test_create_contact_missing_required" time="0.136" /><testcase classname="backend.tests.backend_test.TestContacts" name="test_list_contacts_sorted" time="0.101" /></testsuite></testsuites>